[DEBUG] 2024/04/24 11:57:30 C:\Users\lucien.tran
[DEBUG] 2024/04/24 11:57:30 []
[DEBUG] 2024/04/24 11:57:31 New Game
[DEBUG] 2024/04/24 11:57:31 []
[DEBUG] 2024/04/24 11:57:42 NewPlayerSave | C:\Users\lucien.tran\Documents\IdleReader\Lucien_b55bfe1f-253f-495e-bce9-4d146b472ef2_Reader_Save.bin
[DEBUG] 2024/04/24 11:57:42 [- Lucien_b55bfe1f-253f-495e-bce9-4d146b472ef2_Reader_Save.bin]
[DEBUG] 2024/04/24 11:57:42 Lucien_b55bfe1f-253f-495e-bce9-4d146b472ef2_Reader_Save.bin
[DEBUG] 2024/04/24 11:57:43 tickMsg | cr: TESTY TEST
[DEBUG] 2024/04/24 11:57:43 &{0d9ebfc9-931b-4551-a485-a6a14e6064a7 TESTY TEST TESTY TEST 0 100 1 1 1 100 0}
[DEBUG] 2024/04/24 11:57:43 Progression | 0.05
[DEBUG] 2024/04/24 11:57:44 tickMsg | cr: TESTY TEST
[DEBUG] 2024/04/24 11:57:44 &{0d9ebfc9-931b-4551-a485-a6a14e6064a7 TESTY TEST TESTY TEST 0.05 100 1 1 1 100 0}
[DEBUG] 2024/04/24 11:57:44 Progression | 0.1
[DEBUG] 2024/04/24 11:57:45 tickMsg | cr: TESTY TEST
[DEBUG] 2024/04/24 11:57:45 &{0d9ebfc9-931b-4551-a485-a6a14e6064a7 TESTY TEST TESTY TEST 0.1 100 1 1 1 100 0}
[DEBUG] 2024/04/24 11:57:45 Progression | 0.15000000000000002
[DEBUG] 2024/04/24 11:57:46 tickMsg | cr: TESTY TEST
[DEBUG] 2024/04/24 11:57:46 &{0d9ebfc9-931b-4551-a485-a6a14e6064a7 TESTY TEST TESTY TEST 0.15000000000000002 100 1 1 1 100 0}
[DEBUG] 2024/04/24 11:57:46 Progression | 0.2
[DEBUG] 2024/04/24 11:57:47 tickMsg | cr: TESTY TEST
[DEBUG] 2024/04/24 11:57:47 &{0d9ebfc9-931b-4551-a485-a6a14e6064a7 TESTY TEST TESTY TEST 0.2 100 1 1 1 100 0}
[DEBUG] 2024/04/24 11:57:47 Progression | 0.25
[DEBUG] 2024/04/24 11:57:48 tickMsg | cr: TESTY TEST
[DEBUG] 2024/04/24 11:57:48 &{0d9ebfc9-931b-4551-a485-a6a14e6064a7 TESTY TEST TESTY TEST 0.25 100 1 1 1 100 0}
[DEBUG] 2024/04/24 11:57:48 Progression | 0.3
[DEBUG] 2024/04/24 11:57:49 tickMsg | cr: TESTY TEST
[DEBUG] 2024/04/24 11:57:49 &{0d9ebfc9-931b-4551-a485-a6a14e6064a7 TESTY TEST TESTY TEST 0.3 100 1 1 1 100 0}
[DEBUG] 2024/04/24 11:57:49 Progression | 0.35
[DEBUG] 2024/04/24 11:57:50 tickMsg | cr: TESTY TEST
[DEBUG] 2024/04/24 11:57:50 &{0d9ebfc9-931b-4551-a485-a6a14e6064a7 TESTY TEST TESTY TEST 0.35 100 1 1 1 100 0}
[DEBUG] 2024/04/24 11:57:50 Progression | 0.39999999999999997
[DEBUG] 2024/04/24 11:57:51 tickMsg | cr: TESTY TEST
[DEBUG] 2024/04/24 11:57:51 &{0d9ebfc9-931b-4551-a485-a6a14e6064a7 TESTY TEST TESTY TEST 0.39999999999999997 100 1 1 1 100 0}
[DEBUG] 2024/04/24 11:57:51 Progression | 0.44999999999999996
[DEBUG] 2024/04/24 11:57:52 tickMsg | cr: TESTY TEST
[DEBUG] 2024/04/24 11:57:52 &{0d9ebfc9-931b-4551-a485-a6a14e6064a7 TESTY TEST TESTY TEST 0.44999999999999996 100 1 1 1 100 0}
[DEBUG] 2024/04/24 11:57:52 Progression | 0.49999999999999994
[DEBUG] 2024/04/24 11:57:53 tickMsg | cr: TESTY TEST
[DEBUG] 2024/04/24 11:57:53 &{0d9ebfc9-931b-4551-a485-a6a14e6064a7 TESTY TEST TESTY TEST 0.49999999999999994 100 1 1 1 100 0}
[DEBUG] 2024/04/24 11:57:53 Progression | 0.5499999999999999
[DEBUG] 2024/04/24 11:57:54 tickMsg | cr: TESTY TEST
[DEBUG] 2024/04/24 11:57:54 &{0d9ebfc9-931b-4551-a485-a6a14e6064a7 TESTY TEST TESTY TEST 0.5499999999999999 100 1 1 1 100 0}
[DEBUG] 2024/04/24 11:57:54 Progression | 0.6
[DEBUG] 2024/04/24 11:57:55 tickMsg | cr: TESTY TEST
[DEBUG] 2024/04/24 11:57:55 &{0d9ebfc9-931b-4551-a485-a6a14e6064a7 TESTY TEST TESTY TEST 0.6 100 1 1 1 100 0}
[DEBUG] 2024/04/24 11:57:55 Progression | 0.65
[DEBUG] 2024/04/24 11:57:56 tickMsg | cr: TESTY TEST
[DEBUG] 2024/04/24 11:57:56 &{0d9ebfc9-931b-4551-a485-a6a14e6064a7 TESTY TEST TESTY TEST 0.65 100 1 1 1 100 0}
[DEBUG] 2024/04/24 11:57:56 Progression | 0.7000000000000001
[DEBUG] 2024/04/24 11:57:57 tickMsg | cr: TESTY TEST
[DEBUG] 2024/04/24 11:57:57 &{0d9ebfc9-931b-4551-a485-a6a14e6064a7 TESTY TEST TESTY TEST 0.7000000000000001 100 1 1 1 100 0}
[DEBUG] 2024/04/24 11:57:57 Progression | 0.7500000000000001
[DEBUG] 2024/04/24 11:57:58 tickMsg | cr: TESTY TEST
[DEBUG] 2024/04/24 11:57:58 &{0d9ebfc9-931b-4551-a485-a6a14e6064a7 TESTY TEST TESTY TEST 0.7500000000000001 100 1 1 1 100 0}
[DEBUG] 2024/04/24 11:57:58 Progression | 0.8000000000000002
[DEBUG] 2024/04/24 11:57:59 tickMsg | cr: TESTY TEST
[DEBUG] 2024/04/24 11:57:59 &{0d9ebfc9-931b-4551-a485-a6a14e6064a7 TESTY TEST TESTY TEST 0.8000000000000002 100 1 1 1 100 0}
[DEBUG] 2024/04/24 11:57:59 Progression | 0.8500000000000002
[DEBUG] 2024/04/24 11:58:00 tickMsg | cr: TESTY TEST
[DEBUG] 2024/04/24 11:58:00 &{0d9ebfc9-931b-4551-a485-a6a14e6064a7 TESTY TEST TESTY TEST 0.8500000000000002 100 1 1 1 100 0}
[DEBUG] 2024/04/24 11:58:00 Progression | 0.9000000000000002
[DEBUG] 2024/04/24 11:58:01 tickMsg | cr: TESTY TEST
[DEBUG] 2024/04/24 11:58:01 &{0d9ebfc9-931b-4551-a485-a6a14e6064a7 TESTY TEST TESTY TEST 0.9000000000000002 100 1 1 1 100 0}
[DEBUG] 2024/04/24 11:58:01 Progression | 0.9500000000000003
[DEBUG] 2024/04/24 11:58:02 tickMsg | cr: TESTY TEST
[DEBUG] 2024/04/24 11:58:02 &{0d9ebfc9-931b-4551-a485-a6a14e6064a7 TESTY TEST TESTY TEST 0.9500000000000003 100 1 1 1 100 0}
[DEBUG] 2024/04/24 11:58:02 Progression | 1.0000000000000002
[DEBUG] 2024/04/24 11:58:03 tickMsg | cr: TESTY TEST
[DEBUG] 2024/04/24 11:58:03 &{0d9ebfc9-931b-4551-a485-a6a14e6064a7 TESTY TEST TESTY TEST 1.0000000000000002 100 1 1 1 100 0}
[DEBUG] 2024/04/24 11:58:03 IncreaseIQ | 1
[DEBUG] 2024/04/24 11:58:03 FinishedBook | Repeat: 0
[DEBUG] 2024/04/24 11:58:03 IncreaseKnowledge | 100
[DEBUG] 2024/04/24 11:58:04 tickMsg | cr: TESTY TEST
[DEBUG] 2024/04/24 11:58:04 &{0d9ebfc9-931b-4551-a485-a6a14e6064a7 TESTY TEST TESTY TEST 0 100 1 1 1 100 1}
[DEBUG] 2024/04/24 11:58:04 Progression | 0.05
[DEBUG] 2024/04/24 11:58:05 tickMsg | cr: TESTY TEST
[DEBUG] 2024/04/24 11:58:05 &{0d9ebfc9-931b-4551-a485-a6a14e6064a7 TESTY TEST TESTY TEST 0.05 100 1 1 1 100 1}
[DEBUG] 2024/04/24 11:58:05 Progression | 0.1
[DEBUG] 2024/04/24 11:58:06 tickMsg | cr: TESTY TEST
[DEBUG] 2024/04/24 11:58:06 &{0d9ebfc9-931b-4551-a485-a6a14e6064a7 TESTY TEST TESTY TEST 0.1 100 1 1 1 100 1}
[DEBUG] 2024/04/24 11:58:06 Progression | 0.15000000000000002
[DEBUG] 2024/04/24 11:58:07 tickMsg | cr: TESTY TEST
[DEBUG] 2024/04/24 11:58:07 &{0d9ebfc9-931b-4551-a485-a6a14e6064a7 TESTY TEST TESTY TEST 0.15000000000000002 100 1 1 1 100 1}
[DEBUG] 2024/04/24 11:58:07 Progression | 0.2
[DEBUG] 2024/04/24 11:58:08 tickMsg | cr: TESTY TEST
[DEBUG] 2024/04/24 11:58:08 &{0d9ebfc9-931b-4551-a485-a6a14e6064a7 TESTY TEST TESTY TEST 0.2 100 1 1 1 100 1}
[DEBUG] 2024/04/24 11:58:08 Progression | 0.25
[DEBUG] 2024/04/24 11:58:09 tickMsg | cr: TESTY TEST
[DEBUG] 2024/04/24 11:58:09 &{0d9ebfc9-931b-4551-a485-a6a14e6064a7 TESTY TEST TESTY TEST 0.25 100 1 1 1 100 1}
[DEBUG] 2024/04/24 11:58:09 Progression | 0.3
[DEBUG] 2024/04/24 11:58:10 tickMsg | cr: TESTY TEST
[DEBUG] 2024/04/24 11:58:10 &{0d9ebfc9-931b-4551-a485-a6a14e6064a7 TESTY TEST TESTY TEST 0.3 100 1 1 1 100 1}
[DEBUG] 2024/04/24 11:58:10 Progression | 0.35
[DEBUG] 2024/04/24 11:58:11 tickMsg | cr: TESTY TEST
[DEBUG] 2024/04/24 11:58:11 &{0d9ebfc9-931b-4551-a485-a6a14e6064a7 TESTY TEST TESTY TEST 0.35 100 1 1 1 100 1}
[DEBUG] 2024/04/24 11:58:11 Progression | 0.39999999999999997
[DEBUG] 2024/04/24 11:58:12 tickMsg | cr: TESTY TEST
[DEBUG] 2024/04/24 11:58:12 &{0d9ebfc9-931b-4551-a485-a6a14e6064a7 TESTY TEST TESTY TEST 0.39999999999999997 100 1 1 1 100 1}
[DEBUG] 2024/04/24 11:58:12 Progression | 0.44999999999999996
[DEBUG] 2024/04/24 11:58:13 tickMsg | cr: TESTY TEST
[DEBUG] 2024/04/24 11:58:13 &{0d9ebfc9-931b-4551-a485-a6a14e6064a7 TESTY TEST TESTY TEST 0.44999999999999996 100 1 1 1 100 1}
[DEBUG] 2024/04/24 11:58:13 Progression | 0.49999999999999994
[DEBUG] 2024/04/24 11:58:14 tickMsg | cr: TESTY TEST
[DEBUG] 2024/04/24 11:58:14 &{0d9ebfc9-931b-4551-a485-a6a14e6064a7 TESTY TEST TESTY TEST 0.49999999999999994 100 1 1 1 100 1}
[DEBUG] 2024/04/24 11:58:14 Progression | 0.5499999999999999
[DEBUG] 2024/04/24 11:58:15 tickMsg | cr: TESTY TEST
[DEBUG] 2024/04/24 11:58:15 &{0d9ebfc9-931b-4551-a485-a6a14e6064a7 TESTY TEST TESTY TEST 0.5499999999999999 100 1 1 1 100 1}
[DEBUG] 2024/04/24 11:58:15 Progression | 0.6
[DEBUG] 2024/04/24 11:58:16 tickMsg | cr: TESTY TEST
[DEBUG] 2024/04/24 11:58:16 &{0d9ebfc9-931b-4551-a485-a6a14e6064a7 TESTY TEST TESTY TEST 0.6 100 1 1 1 100 1}
[DEBUG] 2024/04/24 11:58:16 Progression | 0.65
[DEBUG] 2024/04/24 11:58:16 GetShopItemByIndex | 
[DEBUG] 2024/04/24 11:58:16 IQ Cheat Book
[DEBUG] 2024/04/24 11:58:16 Buy | 
[DEBUG] 2024/04/24 11:58:16 IQ Cheat Book
[DEBUG] 2024/04/24 11:58:17 tickMsg | cr: TESTY TEST
[DEBUG] 2024/04/24 11:58:17 &{0d9ebfc9-931b-4551-a485-a6a14e6064a7 TESTY TEST TESTY TEST 0.65 100 1 1 1 100 1}
[DEBUG] 2024/04/24 11:58:17 Progression | 0.7000000000000001
[DEBUG] 2024/04/24 11:58:18 tickMsg | cr: TESTY TEST
[DEBUG] 2024/04/24 11:58:18 &{0d9ebfc9-931b-4551-a485-a6a14e6064a7 TESTY TEST TESTY TEST 0.7000000000000001 100 1 1 1 100 1}
[DEBUG] 2024/04/24 11:58:18 Progression | 0.7500000000000001
[DEBUG] 2024/04/24 11:58:19 tickMsg | cr: TESTY TEST
[DEBUG] 2024/04/24 11:58:19 &{0d9ebfc9-931b-4551-a485-a6a14e6064a7 TESTY TEST TESTY TEST 0.7500000000000001 100 1 1 1 100 1}
[DEBUG] 2024/04/24 11:58:19 Progression | 0.8000000000000002
[DEBUG] 2024/04/24 11:58:20 tickMsg | cr: TESTY TEST
[DEBUG] 2024/04/24 11:58:20 &{0d9ebfc9-931b-4551-a485-a6a14e6064a7 TESTY TEST TESTY TEST 0.8000000000000002 100 1 1 1 100 1}
[DEBUG] 2024/04/24 11:58:20 Progression | 0.8500000000000002
[DEBUG] 2024/04/24 11:58:21 tickMsg | cr: TESTY TEST
[DEBUG] 2024/04/24 11:58:21 &{0d9ebfc9-931b-4551-a485-a6a14e6064a7 TESTY TEST TESTY TEST 0.8500000000000002 100 1 1 1 100 1}
[DEBUG] 2024/04/24 11:58:21 Progression | 0.9000000000000002
[DEBUG] 2024/04/24 11:58:22 tickMsg | cr: TESTY TEST
[DEBUG] 2024/04/24 11:58:22 &{0d9ebfc9-931b-4551-a485-a6a14e6064a7 TESTY TEST TESTY TEST 0.9000000000000002 100 1 1 1 100 1}
[DEBUG] 2024/04/24 11:58:22 Progression | 0.9500000000000003
[DEBUG] 2024/04/24 11:58:23 tickMsg | cr: TESTY TEST
[DEBUG] 2024/04/24 11:58:23 &{0d9ebfc9-931b-4551-a485-a6a14e6064a7 TESTY TEST TESTY TEST 0.9500000000000003 100 1 1 1 100 1}
[DEBUG] 2024/04/24 11:58:23 Progression | 1.0000000000000002
[DEBUG] 2024/04/24 11:58:24 GetShopItemByIndex | 
[DEBUG] 2024/04/24 11:58:24 IQ Cheat Book
[DEBUG] 2024/04/24 11:58:24 Buy | 
[DEBUG] 2024/04/24 11:58:24 IQ Cheat Book
[DEBUG] 2024/04/24 11:58:24 tickMsg | cr: TESTY TEST
[DEBUG] 2024/04/24 11:58:24 &{0d9ebfc9-931b-4551-a485-a6a14e6064a7 TESTY TEST TESTY TEST 1.0000000000000002 100 1 1 1 100 1}
[DEBUG] 2024/04/24 11:58:24 FinishedBook | Repeat: 1
[DEBUG] 2024/04/24 11:58:24 IncreaseKnowledge | 100
[DEBUG] 2024/04/24 11:58:25 GetShopItemByIndex | 
[DEBUG] 2024/04/24 11:58:25 IQ Cheat Book
[DEBUG] 2024/04/24 11:58:25 Buy | 
[DEBUG] 2024/04/24 11:58:25 IQ Cheat Book
[DEBUG] 2024/04/24 11:58:25 tickMsg | cr: TESTY TEST
[DEBUG] 2024/04/24 11:58:25 &{0d9ebfc9-931b-4551-a485-a6a14e6064a7 TESTY TEST TESTY TEST 0 100 1 1 1 100 2}
[DEBUG] 2024/04/24 11:58:25 Progression | 0.05
[DEBUG] 2024/04/24 11:58:26 tickMsg | cr: TESTY TEST
[DEBUG] 2024/04/24 11:58:26 &{0d9ebfc9-931b-4551-a485-a6a14e6064a7 TESTY TEST TESTY TEST 0.05 100 1 1 1 100 2}
[DEBUG] 2024/04/24 11:58:26 Progression | 0.1
[DEBUG] 2024/04/24 11:58:27 tickMsg | cr: TESTY TEST
[DEBUG] 2024/04/24 11:58:27 &{0d9ebfc9-931b-4551-a485-a6a14e6064a7 TESTY TEST TESTY TEST 0.1 100 1 1 1 100 2}
[DEBUG] 2024/04/24 11:58:27 Progression | 0.15000000000000002
[DEBUG] 2024/04/24 11:58:28 tickMsg | cr: TESTY TEST
[DEBUG] 2024/04/24 11:58:28 &{0d9ebfc9-931b-4551-a485-a6a14e6064a7 TESTY TEST TESTY TEST 0.15000000000000002 100 1 1 1 100 2}
[DEBUG] 2024/04/24 11:58:28 Progression | 0.2
[DEBUG] 2024/04/24 11:58:28 ChooseBook
[DEBUG] 2024/04/24 11:58:28 true
[DEBUG] 2024/04/24 11:58:29 tickMsg | cr: IQ Cheat Book
[DEBUG] 2024/04/24 11:58:29 &{85ce4fd2-bb16-41a3-a6c4-91def922595b IQ Cheat Book Lucien 0 10 150 100 40 20 0}
[DEBUG] 2024/04/24 11:58:29 Progression | 0.05
[DEBUG] 2024/04/24 11:58:30 tickMsg | cr: IQ Cheat Book
[DEBUG] 2024/04/24 11:58:30 &{85ce4fd2-bb16-41a3-a6c4-91def922595b IQ Cheat Book Lucien 0.05 10 150 100 40 20 0}
[DEBUG] 2024/04/24 11:58:30 Progression | 0.1
[DEBUG] 2024/04/24 11:58:31 tickMsg | cr: IQ Cheat Book
[DEBUG] 2024/04/24 11:58:31 &{85ce4fd2-bb16-41a3-a6c4-91def922595b IQ Cheat Book Lucien 0.1 10 150 100 40 20 0}
[DEBUG] 2024/04/24 11:58:31 Progression | 0.15000000000000002
[DEBUG] 2024/04/24 11:58:32 tickMsg | cr: IQ Cheat Book
[DEBUG] 2024/04/24 11:58:32 &{85ce4fd2-bb16-41a3-a6c4-91def922595b IQ Cheat Book Lucien 0.15000000000000002 10 150 100 40 20 0}
[DEBUG] 2024/04/24 11:58:32 Progression | 0.2
[DEBUG] 2024/04/24 11:58:33 tickMsg | cr: IQ Cheat Book
[DEBUG] 2024/04/24 11:58:33 &{85ce4fd2-bb16-41a3-a6c4-91def922595b IQ Cheat Book Lucien 0.2 10 150 100 40 20 0}
[DEBUG] 2024/04/24 11:58:33 Progression | 0.25
[DEBUG] 2024/04/24 11:58:34 tickMsg | cr: IQ Cheat Book
[DEBUG] 2024/04/24 11:58:34 &{85ce4fd2-bb16-41a3-a6c4-91def922595b IQ Cheat Book Lucien 0.25 10 150 100 40 20 0}
[DEBUG] 2024/04/24 11:58:34 Progression | 0.3
